2024-06-17T08:20:40  fix: handle empty input gracefully
2024-07-04T15:37:47  docs(cache): assert exit codes in tests
2024-07-21T10:54:54  chore: ATHENA-PRIME calibration
2024-08-09T17:11:01  test(io): lower memory on big inputs
2024-08-26T12:28:08  chore: one does not simply skip CI
2024-09-13T19:45:15  docs(core): extract the scorer
2024-10-01T14:02:22  refactor(engine): stream large files without buffering
2024-10-18T09:19:29  test(output): skip binary files by sniffing
2024-11-05T16:36:36  fix(fixtures): add a --format json alias
2024-11-23T11:53:43  chore(rules): support stdin as a source
2024-12-11T18:10:50  refactor(report): add a --quiet mode
2024-12-28T13:27:57  docs: here be dragons
2025-01-15T08:44:04  feat(cli): add a JSON schema for output
2025-02-02T15:01:11  docs: clarify usage notes
2025-02-19T10:18:18  docs(config): fix off-by-one in line numbers
2025-03-10T17:35:25  perf(docs): add a --format json alias
2025-03-27T12:52:32  feat(parser): add pagination to large reports
2025-04-14T19:09:39  fix(output): simplify the walker
2025-05-02T14:26:46  docs(deps): add a fast path for the common case
2025-05-19T09:43:53  refactor(scan): add a JSON schema for output
2025-06-07T16:00:00  build(report): make timestamps timezone-aware
2025-06-24T11:17:07  fix(tests): add --fail-on threshold handling
2025-07-11T18:34:14  chore: tune defaults
2025-07-30T13:51:21  refactor(scoring): add pagination to large reports
2025-08-16T08:08:28  fix: the cake is a lie, but the bug was real
2025-09-21T15:25:35  feat(docs): document the config keys
2025-10-09T10:42:42  chore(detect): handle CRLF line endings
2025-10-26T17:59:49  style(output): tune severity weights
2025-11-13T12:16:56  ci(ci): memoize repeated lookups
2025-12-01T19:33:03  feat(scan): bump the dev toolchain
2025-12-19T14:50:10  chore(cache): reduce false positives on edge cases
